<?xml version="1.0" encoding="UTF-8"?>
<testng-results skipped="0" failed="0" total="2" passed="2">
  <reporter-output>
  </reporter-output>
  <suite name="Default suite" duration-ms="17873" started-at="2019-12-27T08:22:28Z" finished-at="2019-12-27T08:22:46Z">
    <groups>
    </groups>
    <test name="Default test" duration-ms="17873" started-at="2019-12-27T08:22:28Z" finished-at="2019-12-27T08:22:46Z">
      <class name="BuynowTest">
        <test-method status="PASS" signature="setup()[pri:0, instance:BuynowTest@6a41eaa2]" name="setup" is-config="true" duration-ms="8948" started-at="2019-12-27T13:52:28Z" finished-at="2019-12-27T13:52:37Z">
          <reporter-output>
          </reporter-output>
        </test-method> <!-- setup -->
        <test-method status="PASS" signature="MainPageTitleTest()[pri:0, instance:BuynowTest@6a41eaa2]" name="MainPageTitleTest" duration-ms="10" started-at="2019-12-27T13:52:37Z" finished-at="2019-12-27T13:52:37Z">
          <reporter-output>
          </reporter-output>
        </test-method> <!-- MainPageTitleTest -->
        <test-method status="PASS" signature="setup()[pri:0, instance:BuynowTest@6a41eaa2]" name="setup" is-config="true" duration-ms="7953" started-at="2019-12-27T13:52:37Z" finished-at="2019-12-27T13:52:45Z">
          <reporter-output>
          </reporter-output>
        </test-method> <!-- setup -->
        <test-method status="PASS" signature="enterdetails_cart()[pri:0, instance:BuynowTest@6a41eaa2]" name="enterdetails_cart" duration-ms="954" started-at="2019-12-27T13:52:45Z" finished-at="2019-12-27T13:52:46Z">
          <reporter-output>
          </reporter-output>
        </test-method> <!-- enterdetails_cart -->
      </class> <!-- BuynowTest -->
    </test> <!-- Default test -->
  </suite> <!-- Default suite -->
</testng-results>
